2026-02-09 06:39:50,056 - INFO - Starting parallel evaluation with 12 threads
2026-02-09 06:39:50,056 - INFO - Logs will be saved to: PRISM-Guided-Learning/out/results/20_20260209_06-13-42\vanilla_plus_LLM_gpt-5-nano-2025-08-07
2026-02-09 06:43:38,724 - INFO - Completed gridworld 1: LTL Score = 1.0000 (iterations: 1)
2026-02-09 06:45:37,658 - INFO - Completed gridworld 6: LTL Score = 1.0000 (iterations: 1)
2026-02-09 06:46:57,207 - INFO - Completed gridworld 10: LTL Score = 0.9943 (iterations: 1)
2026-02-09 06:47:33,226 - INFO - Completed gridworld 4: LTL Score = 1.0000 (iterations: 2)
2026-02-09 06:49:10,379 - INFO - Completed gridworld 3: LTL Score = 1.0000 (iterations: 3)
2026-02-09 06:49:13,827 - INFO - Completed gridworld 2: LTL Score = 1.0000 (iterations: 3)
2026-02-09 06:51:52,087 - INFO - Completed gridworld 8: LTL Score = 0.9901 (iterations: 2)
2026-02-09 06:52:43,063 - INFO - Completed gridworld 11: LTL Score = 0.9956 (iterations: 2)
2026-02-09 06:52:59,484 - INFO - Completed gridworld 5: LTL Score = 0.8595 (iterations: 3)
2026-02-09 06:53:14,409 - INFO - Completed gridworld 14: LTL Score = 1.0000 (iterations: 1)
2026-02-09 06:55:10,891 - INFO - Completed gridworld 15: LTL Score = 0.9790 (iterations: 1)
2026-02-09 06:58:26,274 - INFO - Completed gridworld 9: LTL Score = 0.9101 (iterations: 3)
2026-02-09 07:00:17,075 - INFO - Completed gridworld 12: LTL Score = 0.9306 (iterations: 3)
2026-02-09 07:00:56,936 - INFO - Completed gridworld 7: LTL Score = 0.3333 (iterations: 3)
2026-02-09 07:05:41,853 - INFO - Completed gridworld 13: LTL Score = 0.9610 (iterations: 3)
2026-02-09 07:13:04,070 - INFO - Completed gridworld 18: LTL Score = 0.9420 (iterations: 3)
2026-02-09 07:14:26,314 - INFO - Completed gridworld 16: LTL Score = 0.7158 (iterations: 3)
2026-02-09 07:17:06,482 - INFO - Completed gridworld 17: LTL Score = 0.7501 (iterations: 3)
2026-02-09 07:19:20,900 - INFO - Completed gridworld 20: LTL Score = 0.0256 (iterations: 3)
2026-02-09 15:46:49,919 - ERROR - Gridworld 19 failed with error: Connection error.
2026-02-09 15:46:50,775 - ERROR - Traceback (most recent call last):
  File "C:\Users\asher\miniconda3\envs\prism3\Lib\site-packages\httpx\_transports\default.py", line 101, in map_httpcore_exceptions
    yield
  File "C:\Users\asher\miniconda3\envs\prism3\Lib\site-packages\httpx\_transports\default.py", line 250, in handle_request
    resp = self._pool.handle_request(req)
  File "C:\Users\asher\miniconda3\envs\prism3\Lib\site-packages\httpcore\_sync\connection_pool.py", line 256, in handle_request
    raise exc from None
  File "C:\Users\asher\miniconda3\envs\prism3\Lib\site-packages\httpcore\_sync\connection_pool.py", line 236, in handle_request
    response = connection.handle_request(
        pool_request.request
    )
  File "C:\Users\asher\miniconda3\envs\prism3\Lib\site-packages\httpcore\_sync\connection.py", line 101, in handle_request
    raise exc
  File "C:\Users\asher\miniconda3\envs\prism3\Lib\site-packages\httpcore\_sync\connection.py", line 78, in handle_request
    stream = self._connect(request)
  File "C:\Users\asher\miniconda3\envs\prism3\Lib\site-packages\httpcore\_sync\connection.py", line 124, in _connect
    stream = self._network_backend.connect_tcp(**kwargs)
  File "C:\Users\asher\miniconda3\envs\prism3\Lib\site-packages\httpcore\_backends\sync.py", line 207, in connect_tcp
    with map_exceptions(exc_map):
         ~~~~~~~~~~~~~~^^^^^^^^^
  File "C:\Users\asher\miniconda3\envs\prism3\Lib\contextlib.py", line 162, in __exit__
    self.gen.throw(value)
    ~~~~~~~~~~~~~~^^^^^^^
  File "C:\Users\asher\miniconda3\envs\prism3\Lib\site-packages\httpcore\_exceptions.py", line 14, in map_exceptions
    raise to_exc(exc) from exc
httpcore.ConnectError: [Errno 11001] getaddrinfo failed

The above exception was the direct cause of the following exception:

Traceback (most recent call last):
  File "C:\Users\asher\miniconda3\envs\prism3\Lib\site-packages\openai\_base_client.py", line 1002, in request
    response = self._client.send(
        request,
        stream=stream or self._should_stream_response_body(request=request),
        **kwargs,
    )
  File "C:\Users\asher\miniconda3\envs\prism3\Lib\site-packages\httpx\_client.py", line 914, in send
    response = self._send_handling_auth(
        request,
    ...<2 lines>...
        history=[],
    )
  File "C:\Users\asher\miniconda3\envs\prism3\Lib\site-packages\httpx\_client.py", line 942, in _send_handling_auth
    response = self._send_handling_redirects(
        request,
        follow_redirects=follow_redirects,
        history=history,
    )
  File "C:\Users\asher\miniconda3\envs\prism3\Lib\site-packages\httpx\_client.py", line 979, in _send_handling_redirects
    response = self._send_single_request(request)
  File "C:\Users\asher\miniconda3\envs\prism3\Lib\site-packages\httpx\_client.py", line 1014, in _send_single_request
    response = transport.handle_request(request)
  File "C:\Users\asher\miniconda3\envs\prism3\Lib\site-packages\httpx\_transports\default.py", line 249, in handle_request
    with map_httpcore_exceptions():
         ~~~~~~~~~~~~~~~~~~~~~~~^^
  File "C:\Users\asher\miniconda3\envs\prism3\Lib\contextlib.py", line 162, in __exit__
    self.gen.throw(value)
    ~~~~~~~~~~~~~~^^^^^^^
  File "C:\Users\asher\miniconda3\envs\prism3\Lib\site-packages\httpx\_transports\default.py", line 118, in map_httpcore_exceptions
    raise mapped_exc(message) from exc
httpx.ConnectError: [Errno 11001] getaddrinfo failed

The above exception was the direct cause of the following exception:

Traceback (most recent call last):
  File "c:\Users\asher\Documents\Coding\PRISM-LLM\PRISM-LLM\PRISM-Guided-Learning\src\planners\VanillaPlusLLMPlanner.py", line 180, in _evaluate_parallel
    result = future.result()
  File "C:\Users\asher\miniconda3\envs\prism3\Lib\concurrent\futures\_base.py", line 449, in result
    return self.__get_result()
           ~~~~~~~~~~~~~~~~~^^
  File "C:\Users\asher\miniconda3\envs\prism3\Lib\concurrent\futures\_base.py", line 401, in __get_result
    raise self._exception
  File "C:\Users\asher\miniconda3\envs\prism3\Lib\concurrent\futures\thread.py", line 59, in run
    result = self.fn(*self.args, **self.kwargs)
  File "c:\Users\asher\Documents\Coding\PRISM-LLM\PRISM-LLM\PRISM-Guided-Learning\src\planners\VanillaPlusLLMPlanner.py", line 61, in _evaluate_single_gridworld_vanilla_plus
    step_result = planner.step()
  File "c:\Users\asher\Documents\Coding\PRISM-LLM\PRISM-LLM\PRISM-Guided-Learning\src\planners\VanillaPlusLLMPlanner.py", line 400, in step
    goal_num, idx, response = self._invoke_llm_for_goal(goal_num, idx)
                              ~~~~~~~~~~~~~~~~~~~~~~~~~^^^^^^^^^^^^^^^
  File "c:\Users\asher\Documents\Coding\PRISM-LLM\PRISM-LLM\PRISM-Guided-Learning\src\planners\VanillaPlusLLMPlanner.py", line 321, in _invoke_llm_for_goal
    response = self.model.invoke(
        get_prompt(
    ...<8 lines>...
        )
    )
  File "C:\Users\asher\miniconda3\envs\prism3\Lib\site-packages\langchain_core\runnables\base.py", line 3149, in invoke
    input_ = context.run(step.invoke, input_, config, **kwargs)
  File "C:\Users\asher\miniconda3\envs\prism3\Lib\site-packages\langchain_core\runnables\base.py", line 5557, in invoke
    return self.bound.invoke(
           ~~~~~~~~~~~~~~~~~^
        input,
        ^^^^^^
        self._merge_configs(config),
        ^^^^^^^^^^^^^^^^^^^^^^^^^^^^
        **{**self.kwargs, **kwargs},
        ^^^^^^^^^^^^^^^^^^^^^^^^^^^^
    )
    ^
  File "C:\Users\asher\miniconda3\envs\prism3\Lib\site-packages\langchain_core\language_models\chat_models.py", line 402, in invoke
    self.generate_prompt(
    ~~~~~~~~~~~~~~~~~~~~^
        [self._convert_input(input)],
        ^^^^^^^^^^^^^^^^^^^^^^^^^^^^^
    ...<6 lines>...
        **kwargs,
        ^^^^^^^^^
    ).generations[0][0],
    ^
  File "C:\Users\asher\miniconda3\envs\prism3\Lib\site-packages\langchain_core\language_models\chat_models.py", line 1121, in generate_prompt
    return self.generate(prompt_messages, stop=stop, callbacks=callbacks, **kwargs)
           ~~~~~~~~~~~~~^^^^^^^^^^^^^^^^^^^^^^^^^^^^^^^^^^^^^^^^^^^^^^^^^^^^^^^^^^^
  File "C:\Users\asher\miniconda3\envs\prism3\Lib\site-packages\langchain_core\language_models\chat_models.py", line 931, in generate
    self._generate_with_cache(
    ~~~~~~~~~~~~~~~~~~~~~~~~~^
        m,
        ^^
    ...<2 lines>...
        **kwargs,
        ^^^^^^^^^
    )
    ^
  File "C:\Users\asher\miniconda3\envs\prism3\Lib\site-packages\langchain_core\language_models\chat_models.py", line 1233, in _generate_with_cache
    result = self._generate(
        messages, stop=stop, run_manager=run_manager, **kwargs
    )
  File "C:\Users\asher\miniconda3\envs\prism3\Lib\site-packages\langchain_openai\chat_models\base.py", line 1386, in _generate
    raise e
  File "C:\Users\asher\miniconda3\envs\prism3\Lib\site-packages\langchain_openai\chat_models\base.py", line 1354, in _generate
    self.root_client.chat.completions.with_raw_response.parse(
    ~~~~~~~~~~~~~~~~~~~~~~~~~~~~~~~~~~~~~~~~~~~~~~~~~~~~~~~~~^
        **payload
        ^^^^^^^^^
    )
    ^
  File "C:\Users\asher\miniconda3\envs\prism3\Lib\site-packages\openai\_legacy_response.py", line 364, in wrapped
    return cast(LegacyAPIResponse[R], func(*args, **kwargs))
                                      ~~~~^^^^^^^^^^^^^^^^^
  File "C:\Users\asher\miniconda3\envs\prism3\Lib\site-packages\openai\resources\chat\completions\completions.py", line 184, in parse
    return self._post(
           ~~~~~~~~~~^
        "/chat/completions",
        ^^^^^^^^^^^^^^^^^^^^
    ...<50 lines>...
        stream=False,
        ^^^^^^^^^^^^^
    )
    ^
  File "C:\Users\asher\miniconda3\envs\prism3\Lib\site-packages\openai\_base_client.py", line 1294, in post
    return cast(ResponseT, self.request(cast_to, opts, stream=stream, stream_cls=stream_cls))
                           ~~~~~~~~~~~~^^^^^^^^^^^^^^^^^^^^^^^^^^^^^^^^^^^^^^^^^^^^^^^^^^^^^
  File "C:\Users\asher\miniconda3\envs\prism3\Lib\site-packages\openai\_base_client.py", line 1034, in request
    raise APIConnectionError(request=request) from err
openai.APIConnectionError: Connection error.

2026-02-09 15:46:50,829 - INFO - Total parallel evaluation time: 32820.77 seconds
